[2019-09-04 17:46:47.568] [INFO] - org.springframework.boot.StartupInfoLogger.logStarting(StartupInfoLogger.java:50) - Starting IdcsAdmin on DESKTOP-SHUGKBG with PID 44340 (E:\workspace\gitrep\idcsadmin\blc-apps-idcs-admin\target\classes started by rechel in E:\workspace\gitrep\idcsadmin\blc-apps-idcs-admin)
[2019-09-04 17:46:47.626] [INFO] - org.springframework.boot.SpringApplication.logStartupProfileInfo(SpringApplication.java:684) - The following profiles are active: prod,share
[2019-09-04 17:46:47.798] [INFO] - org.springframework.context.support.AbstractApplicationContext.prepareRefresh(AbstractApplicationContext.java:590) - Refreshing org.springframework.boot.web.servlet.context.AnnotationConfigServletWebServerApplicationContext@269f9719: startup date [Wed Sep 04 17:46:47 CST 2019]; root of context hierarchy
[2019-09-04 17:46:50.701] [INFO] - org.springframework.context.support.PostProcessorRegistrationDelegate$BeanPostProcessorChecker.postProcessAfterInitialization(PostProcessorRegistrationDelegate.java:326) - Bean 'shiroConf' of type [com.blc.apps.idcs.admin.ShiroConf$$EnhancerBySpringCGLIB$$ecc57d3d] is not eligible for getting processed by all BeanPostProcessors (for example: not eligible for auto-proxying)
[2019-09-04 17:46:51.947] [INFO] - org.springframework.context.support.PostProcessorRegistrationDelegate$BeanPostProcessorChecker.postProcessAfterInitialization(PostProcessorRegistrationDelegate.java:326) - Bean 'realm' of type [org.apache.shiro.realm.text.TextConfigurationRealm] is not eligible for getting processed by all BeanPostProcessors (for example: not eligible for auto-proxying)
[2019-09-04 17:46:51.962] [INFO] - org.springframework.context.support.PostProcessorRegistrationDelegate$BeanPostProcessorChecker.postProcessAfterInitialization(PostProcessorRegistrationDelegate.java:326) - Bean 'securityManager' of type [org.apache.shiro.web.mgt.DefaultWebSecurityManager] is not eligible for getting processed by all BeanPostProcessors (for example: not eligible for auto-proxying)
[2019-09-04 17:46:52.124] [INFO] - org.springframework.context.support.PostProcessorRegistrationDelegate$BeanPostProcessorChecker.postProcessAfterInitialization(PostProcessorRegistrationDelegate.java:326) - Bean 'org.springframework.transaction.annotation.ProxyTransactionManagementConfiguration' of type [org.springframework.transaction.annotation.ProxyTransactionManagementConfiguration$$EnhancerBySpringCGLIB$$c26a8fab] is not eligible for getting processed by all BeanPostProcessors (for example: not eligible for auto-proxying)
[2019-09-04 17:46:53.249] [INFO] - org.springframework.boot.web.embedded.tomcat.TomcatWebServer.initialize(TomcatWebServer.java:91) - Tomcat initialized with port(s): 9001 (http)
[2019-09-04 17:46:53.277] [INFO] - org.apache.juli.logging.DirectJDKLog.log(DirectJDKLog.java:180) - Initializing ProtocolHandler ["http-nio-9001"]
[2019-09-04 17:46:53.290] [INFO] - org.apache.juli.logging.DirectJDKLog.log(DirectJDKLog.java:180) - Starting service [Tomcat]
[2019-09-04 17:46:53.291] [INFO] - org.apache.juli.logging.DirectJDKLog.log(DirectJDKLog.java:180) - Starting Servlet Engine: Apache Tomcat/8.5.34
[2019-09-04 17:46:53.324] [INFO] - org.apache.juli.logging.DirectJDKLog.log(DirectJDKLog.java:180) - Loaded APR based Apache Tomcat Native library [1.2.14] using APR version [1.6.2].
[2019-09-04 17:46:53.325] [INFO] - org.apache.juli.logging.DirectJDKLog.log(DirectJDKLog.java:180) - APR capabilities: IPv6 [true], sendfile [true], accept filters [false], random [true].
[2019-09-04 17:46:53.325] [INFO] - org.apache.juli.logging.DirectJDKLog.log(DirectJDKLog.java:180) - APR/OpenSSL configuration: useAprConnector [false], useOpenSSL [true]
[2019-09-04 17:46:54.486] [INFO] - org.apache.juli.logging.DirectJDKLog.log(DirectJDKLog.java:180) - OpenSSL successfully initialized [OpenSSL 1.0.2l  25 May 2017]
[2019-09-04 17:46:55.163] [INFO] - org.apache.juli.logging.DirectJDKLog.log(DirectJDKLog.java:180) - At least one JAR was scanned for TLDs yet contained no TLDs. Enable debug logging for this logger for a complete list of JARs that were scanned but no TLDs were found in them. Skipping unneeded JARs during scanning can improve startup time and JSP compilation time.
[2019-09-04 17:46:55.170] [INFO] - org.apache.juli.logging.DirectJDKLog.log(DirectJDKLog.java:180) - Initializing Spring embedded WebApplicationContext
[2019-09-04 17:46:55.171] [INFO] - org.springframework.boot.web.servlet.context.ServletWebServerApplicationContext.prepareWebApplicationContext(ServletWebServerApplicationContext.java:285) - Root WebApplicationContext: initialization completed in 7401 ms
[2019-09-04 17:46:55.414] [INFO] - org.springframework.boot.web.servlet.AbstractFilterRegistrationBean.configure(AbstractFilterRegistrationBean.java:245) - Mapping filter: 'characterEncodingFilter' to: [/*]
[2019-09-04 17:46:55.414] [INFO] - org.springframework.boot.web.servlet.AbstractFilterRegistrationBean.configure(AbstractFilterRegistrationBean.java:245) - Mapping filter: 'hiddenHttpMethodFilter' to: [/*]
[2019-09-04 17:46:55.415] [INFO] - org.springframework.boot.web.servlet.AbstractFilterRegistrationBean.configure(AbstractFilterRegistrationBean.java:245) - Mapping filter: 'httpPutFormContentFilter' to: [/*]
[2019-09-04 17:46:55.415] [INFO] - org.springframework.boot.web.servlet.AbstractFilterRegistrationBean.configure(AbstractFilterRegistrationBean.java:245) - Mapping filter: 'requestContextFilter' to: [/*]
[2019-09-04 17:46:55.415] [INFO] - org.springframework.boot.web.servlet.AbstractFilterRegistrationBean.configure(AbstractFilterRegistrationBean.java:258) - Mapping filter: 'delegatingFilterProxy' to urls: [/*]
[2019-09-04 17:46:55.416] [INFO] - org.springframework.boot.web.servlet.AbstractFilterRegistrationBean.configure(AbstractFilterRegistrationBean.java:245) - Mapping filter: 'shiroFilter' to: [/*]
[2019-09-04 17:46:55.417] [INFO] - org.springframework.boot.web.servlet.ServletRegistrationBean.addRegistration(ServletRegistrationBean.java:187) - Servlet dispatcherServlet mapped to [/]
[2019-09-04 17:46:55.418] [INFO] - org.springframework.boot.web.servlet.ServletRegistrationBean.addRegistration(ServletRegistrationBean.java:187) - Servlet webServlet mapped to [/h2-console/*]
[2019-09-04 17:46:56.736] [WARN] - org.springframework.context.support.AbstractApplicationContext.refresh(AbstractApplicationContext.java:558) - Exception encountered during context initialization - cancelling refresh attempt: org.springframework.beans.factory.UnsatisfiedDependencyException: Error creating bean with name 'referController': Unsatisfied dependency expressed through field 'referService'; nested exception is org.springframework.beans.factory.UnsatisfiedDependencyException: Error creating bean with name 'referService': Unsatisfied dependency expressed through field 'notificationService'; nested exception is org.springframework.beans.factory.BeanCreationException: Error creating bean with name 'apiNotificationService': Injection of autowired dependencies failed; nested exception is java.lang.IllegalArgumentException: Could not resolve placeholder 'app.api.notification.type' in value "${app.api.notification.type}"
[2019-09-04 17:46:56.759] [INFO] - org.apache.juli.logging.DirectJDKLog.log(DirectJDKLog.java:180) - Stopping service [Tomcat]
[2019-09-04 17:46:56.834] [INFO] - org.springframework.boot.autoconfigure.logging.ConditionEvaluationReportLoggingListener.logAutoConfigurationReport(ConditionEvaluationReportLoggingListener.java:101) - 

Error starting ApplicationContext. To display the conditions report re-run your application with 'debug' enabled.
[2019-09-04 17:46:56.838] [ERROR] - org.springframework.boot.SpringApplication.reportFailure(SpringApplication.java:863) - Application run failed
org.springframework.beans.factory.UnsatisfiedDependencyException: Error creating bean with name 'referController': Unsatisfied dependency expressed through field 'referService'; nested exception is org.springframework.beans.factory.UnsatisfiedDependencyException: Error creating bean with name 'referService': Unsatisfied dependency expressed through field 'notificationService'; nested exception is org.springframework.beans.factory.BeanCreationException: Error creating bean with name 'apiNotificationService': Injection of autowired dependencies failed; nested exception is java.lang.IllegalArgumentException: Could not resolve placeholder 'app.api.notification.type' in value "${app.api.notification.type}"
	at org.springframework.beans.factory.annotation.AutowiredAnnotationBeanPostProcessor$AutowiredFieldElement.inject(AutowiredAnnotationBeanPostProcessor.java:586) ~[spring-beans-5.0.9.RELEASE.jar:5.0.9.RELEASE]
	at org.springframework.beans.factory.annotation.InjectionMetadata.inject(InjectionMetadata.java:90) ~[spring-beans-5.0.9.RELEASE.jar:5.0.9.RELEASE]
	at org.springframework.beans.factory.annotation.AutowiredAnnotationBeanPostProcessor.postProcessPropertyValues(AutowiredAnnotationBeanPostProcessor.java:372) ~[spring-beans-5.0.9.RELEASE.jar:5.0.9.RELEASE]
	at org.springframework.beans.factory.support.AbstractAutowireCapableBeanFactory.populateBean(AbstractAutowireCapableBeanFactory.java:1341) ~[spring-beans-5.0.9.RELEASE.jar:5.0.9.RELEASE]
	at org.springframework.beans.factory.support.AbstractAutowireCapableBeanFactory.doCreateBean(AbstractAutowireCapableBeanFactory.java:572) ~[spring-beans-5.0.9.RELEASE.jar:5.0.9.RELEASE]
	at org.springframework.beans.factory.support.AbstractAutowireCapableBeanFactory.createBean(AbstractAutowireCapableBeanFactory.java:495) ~[spring-beans-5.0.9.RELEASE.jar:5.0.9.RELEASE]
	at org.springframework.beans.factory.support.AbstractBeanFactory.lambda$doGetBean$0(AbstractBeanFactory.java:317) ~[spring-beans-5.0.9.RELEASE.jar:5.0.9.RELEASE]
	at org.springframework.beans.factory.support.DefaultSingletonBeanRegistry.getSingleton(DefaultSingletonBeanRegistry.java:222) ~[spring-beans-5.0.9.RELEASE.jar:5.0.9.RELEASE]
	at org.springframework.beans.factory.support.AbstractBeanFactory.doGetBean(AbstractBeanFactory.java:315) ~[spring-beans-5.0.9.RELEASE.jar:5.0.9.RELEASE]
	at org.springframework.beans.factory.support.AbstractBeanFactory.getBean(AbstractBeanFactory.java:199) ~[spring-beans-5.0.9.RELEASE.jar:5.0.9.RELEASE]
	at org.springframework.beans.factory.support.DefaultListableBeanFactory.preInstantiateSingletons(DefaultListableBeanFactory.java:759) ~[spring-beans-5.0.9.RELEASE.jar:5.0.9.RELEASE]
	at org.springframework.context.support.AbstractApplicationContext.finishBeanFactoryInitialization(AbstractApplicationContext.java:869) ~[spring-context-5.0.9.RELEASE.jar:5.0.9.RELEASE]
	at org.springframework.context.support.AbstractApplicationContext.refresh(AbstractApplicationContext.java:550) ~[spring-context-5.0.9.RELEASE.jar:5.0.9.RELEASE]
	at org.springframework.boot.web.servlet.context.ServletWebServerApplicationContext.refresh(ServletWebServerApplicationContext.java:140) ~[spring-boot-2.0.5.RELEASE.jar:2.0.5.RELEASE]
	at org.springframework.boot.SpringApplication.refresh(SpringApplication.java:780) [spring-boot-2.0.5.RELEASE.jar:2.0.5.RELEASE]
	at org.springframework.boot.SpringApplication.refreshContext(SpringApplication.java:412) [spring-boot-2.0.5.RELEASE.jar:2.0.5.RELEASE]
	at org.springframework.boot.SpringApplication.run(SpringApplication.java:333) [spring-boot-2.0.5.RELEASE.jar:2.0.5.RELEASE]
	at org.springframework.boot.SpringApplication.run(SpringApplication.java:1277) [spring-boot-2.0.5.RELEASE.jar:2.0.5.RELEASE]
	at org.springframework.boot.SpringApplication.run(SpringApplication.java:1265) [spring-boot-2.0.5.RELEASE.jar:2.0.5.RELEASE]
	at com.blc.apps.idcs.admin.IdcsAdmin.main(IdcsAdmin.java:39) [classes/:?]
	at sun.reflect.NativeMethodAccessorImpl.invoke0(Native Method) ~[?:1.8.0_112]
	at sun.reflect.NativeMethodAccessorImpl.invoke(NativeMethodAccessorImpl.java:62) ~[?:1.8.0_112]
	at sun.reflect.DelegatingMethodAccessorImpl.invoke(DelegatingMethodAccessorImpl.java:43) ~[?:1.8.0_112]
	at java.lang.reflect.Method.invoke(Method.java:498) ~[?:1.8.0_112]
	at org.springframework.boot.devtools.restart.RestartLauncher.run(RestartLauncher.java:49) [spring-boot-devtools-2.0.5.RELEASE.jar:2.0.5.RELEASE]
Caused by: org.springframework.beans.factory.UnsatisfiedDependencyException: Error creating bean with name 'referService': Unsatisfied dependency expressed through field 'notificationService'; nested exception is org.springframework.beans.factory.BeanCreationException: Error creating bean with name 'apiNotificationService': Injection of autowired dependencies failed; nested exception is java.lang.IllegalArgumentException: Could not resolve placeholder 'app.api.notification.type' in value "${app.api.notification.type}"
	at org.springframework.beans.factory.annotation.AutowiredAnnotationBeanPostProcessor$AutowiredFieldElement.inject(AutowiredAnnotationBeanPostProcessor.java:586) ~[spring-beans-5.0.9.RELEASE.jar:5.0.9.RELEASE]
	at org.springframework.beans.factory.annotation.InjectionMetadata.inject(InjectionMetadata.java:90) ~[spring-beans-5.0.9.RELEASE.jar:5.0.9.RELEASE]
	at org.springframework.beans.factory.annotation.AutowiredAnnotationBeanPostProcessor.postProcessPropertyValues(AutowiredAnnotationBeanPostProcessor.java:372) ~[spring-beans-5.0.9.RELEASE.jar:5.0.9.RELEASE]
	at org.springframework.beans.factory.support.AbstractAutowireCapableBeanFactory.populateBean(AbstractAutowireCapableBeanFactory.java:1341) ~[spring-beans-5.0.9.RELEASE.jar:5.0.9.RELEASE]
	at org.springframework.beans.factory.support.AbstractAutowireCapableBeanFactory.doCreateBean(AbstractAutowireCapableBeanFactory.java:572) ~[spring-beans-5.0.9.RELEASE.jar:5.0.9.RELEASE]
	at org.springframework.beans.factory.support.AbstractAutowireCapableBeanFactory.createBean(AbstractAutowireCapableBeanFactory.java:495) ~[spring-beans-5.0.9.RELEASE.jar:5.0.9.RELEASE]
	at org.springframework.beans.factory.support.AbstractBeanFactory.lambda$doGetBean$0(AbstractBeanFactory.java:317) ~[spring-beans-5.0.9.RELEASE.jar:5.0.9.RELEASE]
	at org.springframework.beans.factory.support.DefaultSingletonBeanRegistry.getSingleton(DefaultSingletonBeanRegistry.java:222) ~[spring-beans-5.0.9.RELEASE.jar:5.0.9.RELEASE]
	at org.springframework.beans.factory.support.AbstractBeanFactory.doGetBean(AbstractBeanFactory.java:315) ~[spring-beans-5.0.9.RELEASE.jar:5.0.9.RELEASE]
	at org.springframework.beans.factory.support.AbstractBeanFactory.getBean(AbstractBeanFactory.java:199) ~[spring-beans-5.0.9.RELEASE.jar:5.0.9.RELEASE]
	at org.springframework.beans.factory.config.DependencyDescriptor.resolveCandidate(DependencyDescriptor.java:251) ~[spring-beans-5.0.9.RELEASE.jar:5.0.9.RELEASE]
	at org.springframework.beans.factory.support.DefaultListableBeanFactory.doResolveDependency(DefaultListableBeanFactory.java:1135) ~[spring-beans-5.0.9.RELEASE.jar:5.0.9.RELEASE]
	at org.springframework.beans.factory.support.DefaultListableBeanFactory.resolveDependency(DefaultListableBeanFactory.java:1062) ~[spring-beans-5.0.9.RELEASE.jar:5.0.9.RELEASE]
	at org.springframework.beans.factory.annotation.AutowiredAnnotationBeanPostProcessor$AutowiredFieldElement.inject(AutowiredAnnotationBeanPostProcessor.java:583) ~[spring-beans-5.0.9.RELEASE.jar:5.0.9.RELEASE]
	... 24 more
Caused by: org.springframework.beans.factory.BeanCreationException: Error creating bean with name 'apiNotificationService': Injection of autowired dependencies failed; nested exception is java.lang.IllegalArgumentException: Could not resolve placeholder 'app.api.notification.type' in value "${app.api.notification.type}"
	at org.springframework.beans.factory.annotation.AutowiredAnnotationBeanPostProcessor.postProcessPropertyValues(AutowiredAnnotationBeanPostProcessor.java:378) ~[spring-beans-5.0.9.RELEASE.jar:5.0.9.RELEASE]
	at org.springframework.beans.factory.support.AbstractAutowireCapableBeanFactory.populateBean(AbstractAutowireCapableBeanFactory.java:1341) ~[spring-beans-5.0.9.RELEASE.jar:5.0.9.RELEASE]
	at org.springframework.beans.factory.support.AbstractAutowireCapableBeanFactory.doCreateBean(AbstractAutowireCapableBeanFactory.java:572) ~[spring-beans-5.0.9.RELEASE.jar:5.0.9.RELEASE]
	at org.springframework.beans.factory.support.AbstractAutowireCapableBeanFactory.createBean(AbstractAutowireCapableBeanFactory.java:495) ~[spring-beans-5.0.9.RELEASE.jar:5.0.9.RELEASE]
	at org.springframework.beans.factory.support.AbstractBeanFactory.lambda$doGetBean$0(AbstractBeanFactory.java:317) ~[spring-beans-5.0.9.RELEASE.jar:5.0.9.RELEASE]
	at org.springframework.beans.factory.support.DefaultSingletonBeanRegistry.getSingleton(DefaultSingletonBeanRegistry.java:222) ~[spring-beans-5.0.9.RELEASE.jar:5.0.9.RELEASE]
	at org.springframework.beans.factory.support.AbstractBeanFactory.doGetBean(AbstractBeanFactory.java:315) ~[spring-beans-5.0.9.RELEASE.jar:5.0.9.RELEASE]
	at org.springframework.beans.factory.support.AbstractBeanFactory.getBean(AbstractBeanFactory.java:199) ~[spring-beans-5.0.9.RELEASE.jar:5.0.9.RELEASE]
	at org.springframework.beans.factory.config.DependencyDescriptor.resolveCandidate(DependencyDescriptor.java:251) ~[spring-beans-5.0.9.RELEASE.jar:5.0.9.RELEASE]
	at org.springframework.beans.factory.support.DefaultListableBeanFactory.doResolveDependency(DefaultListableBeanFactory.java:1135) ~[spring-beans-5.0.9.RELEASE.jar:5.0.9.RELEASE]
	at org.springframework.beans.factory.support.DefaultListableBeanFactory.resolveDependency(DefaultListableBeanFactory.java:1062) ~[spring-beans-5.0.9.RELEASE.jar:5.0.9.RELEASE]
	at org.springframework.beans.factory.annotation.AutowiredAnnotationBeanPostProcessor$AutowiredFieldElement.inject(AutowiredAnnotationBeanPostProcessor.java:583) ~[spring-beans-5.0.9.RELEASE.jar:5.0.9.RELEASE]
	at org.springframework.beans.factory.annotation.InjectionMetadata.inject(InjectionMetadata.java:90) ~[spring-beans-5.0.9.RELEASE.jar:5.0.9.RELEASE]
	at org.springframework.beans.factory.annotation.AutowiredAnnotationBeanPostProcessor.postProcessPropertyValues(AutowiredAnnotationBeanPostProcessor.java:372) ~[spring-beans-5.0.9.RELEASE.jar:5.0.9.RELEASE]
	at org.springframework.beans.factory.support.AbstractAutowireCapableBeanFactory.populateBean(AbstractAutowireCapableBeanFactory.java:1341) ~[spring-beans-5.0.9.RELEASE.jar:5.0.9.RELEASE]
	at org.springframework.beans.factory.support.AbstractAutowireCapableBeanFactory.doCreateBean(AbstractAutowireCapableBeanFactory.java:572) ~[spring-beans-5.0.9.RELEASE.jar:5.0.9.RELEASE]
	at org.springframework.beans.factory.support.AbstractAutowireCapableBeanFactory.createBean(AbstractAutowireCapableBeanFactory.java:495) ~[spring-beans-5.0.9.RELEASE.jar:5.0.9.RELEASE]
	at org.springframework.beans.factory.support.AbstractBeanFactory.lambda$doGetBean$0(AbstractBeanFactory.java:317) ~[spring-beans-5.0.9.RELEASE.jar:5.0.9.RELEASE]
	at org.springframework.beans.factory.support.DefaultSingletonBeanRegistry.getSingleton(DefaultSingletonBeanRegistry.java:222) ~[spring-beans-5.0.9.RELEASE.jar:5.0.9.RELEASE]
	at org.springframework.beans.factory.support.AbstractBeanFactory.doGetBean(AbstractBeanFactory.java:315) ~[spring-beans-5.0.9.RELEASE.jar:5.0.9.RELEASE]
	at org.springframework.beans.factory.support.AbstractBeanFactory.getBean(AbstractBeanFactory.java:199) ~[spring-beans-5.0.9.RELEASE.jar:5.0.9.RELEASE]
	at org.springframework.beans.factory.config.DependencyDescriptor.resolveCandidate(DependencyDescriptor.java:251) ~[spring-beans-5.0.9.RELEASE.jar:5.0.9.RELEASE]
	at org.springframework.beans.factory.support.DefaultListableBeanFactory.doResolveDependency(DefaultListableBeanFactory.java:1135) ~[spring-beans-5.0.9.RELEASE.jar:5.0.9.RELEASE]
	at org.springframework.beans.factory.support.DefaultListableBeanFactory.resolveDependency(DefaultListableBeanFactory.java:1062) ~[spring-beans-5.0.9.RELEASE.jar:5.0.9.RELEASE]
	at org.springframework.beans.factory.annotation.AutowiredAnnotationBeanPostProcessor$AutowiredFieldElement.inject(AutowiredAnnotationBeanPostProcessor.java:583) ~[spring-beans-5.0.9.RELEASE.jar:5.0.9.RELEASE]
	... 24 more
Caused by: java.lang.IllegalArgumentException: Could not resolve placeholder 'app.api.notification.type' in value "${app.api.notification.type}"
	at org.springframework.util.PropertyPlaceholderHelper.parseStringValue(PropertyPlaceholderHelper.java:172) ~[spring-core-5.0.9.RELEASE.jar:5.0.9.RELEASE]
	at org.springframework.util.PropertyPlaceholderHelper.replacePlaceholders(PropertyPlaceholderHelper.java:124) ~[spring-core-5.0.9.RELEASE.jar:5.0.9.RELEASE]
	at org.springframework.core.env.AbstractPropertyResolver.doResolvePlaceholders(AbstractPropertyResolver.java:237) ~[spring-core-5.0.9.RELEASE.jar:5.0.9.RELEASE]
	at org.springframework.core.env.AbstractPropertyResolver.resolveRequiredPlaceholders(AbstractPropertyResolver.java:211) ~[spring-core-5.0.9.RELEASE.jar:5.0.9.RELEASE]
	at org.springframework.context.support.PropertySourcesPlaceholderConfigurer.lambda$processProperties$0(PropertySourcesPlaceholderConfigurer.java:175) ~[spring-context-5.0.9.RELEASE.jar:5.0.9.RELEASE]
	at org.springframework.beans.factory.support.AbstractBeanFactory.resolveEmbeddedValue(AbstractBeanFactory.java:839) ~[spring-beans-5.0.9.RELEASE.jar:5.0.9.RELEASE]
	at org.springframework.beans.factory.support.DefaultListableBeanFactory.doResolveDependency(DefaultListableBeanFactory.java:1083) ~[spring-beans-5.0.9.RELEASE.jar:5.0.9.RELEASE]
	at org.springframework.beans.factory.support.DefaultListableBeanFactory.resolveDependency(DefaultListableBeanFactory.java:1062) ~[spring-beans-5.0.9.RELEASE.jar:5.0.9.RELEASE]
	at org.springframework.beans.factory.annotation.AutowiredAnnotationBeanPostProcessor$AutowiredFieldElement.inject(AutowiredAnnotationBeanPostProcessor.java:583) ~[spring-beans-5.0.9.RELEASE.jar:5.0.9.RELEASE]
	at org.springframework.beans.factory.annotation.InjectionMetadata.inject(InjectionMetadata.java:90) ~[spring-beans-5.0.9.RELEASE.jar:5.0.9.RELEASE]
	at org.springframework.beans.factory.annotation.AutowiredAnnotationBeanPostProcessor.postProcessPropertyValues(AutowiredAnnotationBeanPostProcessor.java:372) ~[spring-beans-5.0.9.RELEASE.jar:5.0.9.RELEASE]
	at org.springframework.beans.factory.support.AbstractAutowireCapableBeanFactory.populateBean(AbstractAutowireCapableBeanFactory.java:1341) ~[spring-beans-5.0.9.RELEASE.jar:5.0.9.RELEASE]
	at org.springframework.beans.factory.support.AbstractAutowireCapableBeanFactory.doCreateBean(AbstractAutowireCapableBeanFactory.java:572) ~[spring-beans-5.0.9.RELEASE.jar:5.0.9.RELEASE]
	at org.springframework.beans.factory.support.AbstractAutowireCapableBeanFactory.createBean(AbstractAutowireCapableBeanFactory.java:495) ~[spring-beans-5.0.9.RELEASE.jar:5.0.9.RELEASE]
	at org.springframework.beans.factory.support.AbstractBeanFactory.lambda$doGetBean$0(AbstractBeanFactory.java:317) ~[spring-beans-5.0.9.RELEASE.jar:5.0.9.RELEASE]
	at org.springframework.beans.factory.support.DefaultSingletonBeanRegistry.getSingleton(DefaultSingletonBeanRegistry.java:222) ~[spring-beans-5.0.9.RELEASE.jar:5.0.9.RELEASE]
	at org.springframework.beans.factory.support.AbstractBeanFactory.doGetBean(AbstractBeanFactory.java:315) ~[spring-beans-5.0.9.RELEASE.jar:5.0.9.RELEASE]
	at org.springframework.beans.factory.support.AbstractBeanFactory.getBean(AbstractBeanFactory.java:199) ~[spring-beans-5.0.9.RELEASE.jar:5.0.9.RELEASE]
	at org.springframework.beans.factory.config.DependencyDescriptor.resolveCandidate(DependencyDescriptor.java:251) ~[spring-beans-5.0.9.RELEASE.jar:5.0.9.RELEASE]
	at org.springframework.beans.factory.support.DefaultListableBeanFactory.doResolveDependency(DefaultListableBeanFactory.java:1135) ~[spring-beans-5.0.9.RELEASE.jar:5.0.9.RELEASE]
	at org.springframework.beans.factory.support.DefaultListableBeanFactory.resolveDependency(DefaultListableBeanFactory.java:1062) ~[spring-beans-5.0.9.RELEASE.jar:5.0.9.RELEASE]
	at org.springframework.beans.factory.annotation.AutowiredAnnotationBeanPostProcessor$AutowiredFieldElement.inject(AutowiredAnnotationBeanPostProcessor.java:583) ~[spring-beans-5.0.9.RELEASE.jar:5.0.9.RELEASE]
	at org.springframework.beans.factory.annotation.InjectionMetadata.inject(InjectionMetadata.java:90) ~[spring-beans-5.0.9.RELEASE.jar:5.0.9.RELEASE]
	at org.springframework.beans.factory.annotation.AutowiredAnnotationBeanPostProcessor.postProcessPropertyValues(AutowiredAnnotationBeanPostProcessor.java:372) ~[spring-beans-5.0.9.RELEASE.jar:5.0.9.RELEASE]
	at org.springframework.beans.factory.support.AbstractAutowireCapableBeanFactory.populateBean(AbstractAutowireCapableBeanFactory.java:1341) ~[spring-beans-5.0.9.RELEASE.jar:5.0.9.RELEASE]
	at org.springframework.beans.factory.support.AbstractAutowireCapableBeanFactory.doCreateBean(AbstractAutowireCapableBeanFactory.java:572) ~[spring-beans-5.0.9.RELEASE.jar:5.0.9.RELEASE]
	at org.springframework.beans.factory.support.AbstractAutowireCapableBeanFactory.createBean(AbstractAutowireCapableBeanFactory.java:495) ~[spring-beans-5.0.9.RELEASE.jar:5.0.9.RELEASE]
	at org.springframework.beans.factory.support.AbstractBeanFactory.lambda$doGetBean$0(AbstractBeanFactory.java:317) ~[spring-beans-5.0.9.RELEASE.jar:5.0.9.RELEASE]
	at org.springframework.beans.factory.support.DefaultSingletonBeanRegistry.getSingleton(DefaultSingletonBeanRegistry.java:222) ~[spring-beans-5.0.9.RELEASE.jar:5.0.9.RELEASE]
	at org.springframework.beans.factory.support.AbstractBeanFactory.doGetBean(AbstractBeanFactory.java:315) ~[spring-beans-5.0.9.RELEASE.jar:5.0.9.RELEASE]
	at org.springframework.beans.factory.support.AbstractBeanFactory.getBean(AbstractBeanFactory.java:199) ~[spring-beans-5.0.9.RELEASE.jar:5.0.9.RELEASE]
	at org.springframework.beans.factory.config.DependencyDescriptor.resolveCandidate(DependencyDescriptor.java:251) ~[spring-beans-5.0.9.RELEASE.jar:5.0.9.RELEASE]
	at org.springframework.beans.factory.support.DefaultListableBeanFactory.doResolveDependency(DefaultListableBeanFactory.java:1135) ~[spring-beans-5.0.9.RELEASE.jar:5.0.9.RELEASE]
	at org.springframework.beans.factory.support.DefaultListableBeanFactory.resolveDependency(DefaultListableBeanFactory.java:1062) ~[spring-beans-5.0.9.RELEASE.jar:5.0.9.RELEASE]
	at org.springframework.beans.factory.annotation.AutowiredAnnotationBeanPostProcessor$AutowiredFieldElement.inject(AutowiredAnnotationBeanPostProcessor.java:583) ~[spring-beans-5.0.9.RELEASE.jar:5.0.9.RELEASE]
	... 24 more
[2019-09-04 17:48:26.716] [INFO] - org.springframework.boot.StartupInfoLogger.logStarting(StartupInfoLogger.java:50) - Starting IdcsAdmin on DESKTOP-SHUGKBG with PID 33408 (E:\workspace\gitrep\idcsadmin\blc-apps-idcs-admin\target\classes started by rechel in E:\workspace\gitrep\idcsadmin\blc-apps-idcs-admin)
[2019-09-04 17:48:26.725] [INFO] - org.springframework.boot.SpringApplication.logStartupProfileInfo(SpringApplication.java:684) - The following profiles are active: prod,share
[2019-09-04 17:48:26.795] [INFO] - org.springframework.context.support.AbstractApplicationContext.prepareRefresh(AbstractApplicationContext.java:590) - Refreshing org.springframework.boot.web.servlet.context.AnnotationConfigServletWebServerApplicationContext@399f6af1: startup date [Wed Sep 04 17:48:26 CST 2019]; root of context hierarchy
[2019-09-04 17:48:28.255] [INFO] - org.springframework.context.support.PostProcessorRegistrationDelegate$BeanPostProcessorChecker.postProcessAfterInitialization(PostProcessorRegistrationDelegate.java:326) - Bean 'shiroConf' of type [com.blc.apps.idcs.admin.ShiroConf$$EnhancerBySpringCGLIB$$d004c339] is not eligible for getting processed by all BeanPostProcessors (for example: not eligible for auto-proxying)
[2019-09-04 17:48:28.690] [INFO] - org.springframework.context.support.PostProcessorRegistrationDelegate$BeanPostProcessorChecker.postProcessAfterInitialization(PostProcessorRegistrationDelegate.java:326) - Bean 'realm' of type [org.apache.shiro.realm.text.TextConfigurationRealm] is not eligible for getting processed by all BeanPostProcessors (for example: not eligible for auto-proxying)
[2019-09-04 17:48:28.702] [INFO] - org.springframework.context.support.PostProcessorRegistrationDelegate$BeanPostProcessorChecker.postProcessAfterInitialization(PostProcessorRegistrationDelegate.java:326) - Bean 'securityManager' of type [org.apache.shiro.web.mgt.DefaultWebSecurityManager] is not eligible for getting processed by all BeanPostProcessors (for example: not eligible for auto-proxying)
[2019-09-04 17:48:28.778] [INFO] - org.springframework.context.support.PostProcessorRegistrationDelegate$BeanPostProcessorChecker.postProcessAfterInitialization(PostProcessorRegistrationDelegate.java:326) - Bean 'org.springframework.transaction.annotation.ProxyTransactionManagementConfiguration' of type [org.springframework.transaction.annotation.ProxyTransactionManagementConfiguration$$EnhancerBySpringCGLIB$$a5a9d5a7] is not eligible for getting processed by all BeanPostProcessors (for example: not eligible for auto-proxying)
[2019-09-04 17:48:29.503] [INFO] - org.springframework.boot.web.embedded.tomcat.TomcatWebServer.initialize(TomcatWebServer.java:91) - Tomcat initialized with port(s): 9001 (http)
[2019-09-04 17:48:29.518] [INFO] - org.apache.juli.logging.DirectJDKLog.log(DirectJDKLog.java:180) - Initializing ProtocolHandler ["http-nio-9001"]
[2019-09-04 17:48:29.530] [INFO] - org.apache.juli.logging.DirectJDKLog.log(DirectJDKLog.java:180) - Starting service [Tomcat]
[2019-09-04 17:48:29.531] [INFO] - org.apache.juli.logging.DirectJDKLog.log(DirectJDKLog.java:180) - Starting Servlet Engine: Apache Tomcat/8.5.34
[2019-09-04 17:48:29.546] [INFO] - org.apache.juli.logging.DirectJDKLog.log(DirectJDKLog.java:180) - Loaded APR based Apache Tomcat Native library [1.2.14] using APR version [1.6.2].
[2019-09-04 17:48:29.548] [INFO] - org.apache.juli.logging.DirectJDKLog.log(DirectJDKLog.java:180) - APR capabilities: IPv6 [true], sendfile [true], accept filters [false], random [true].
[2019-09-04 17:48:29.549] [INFO] - org.apache.juli.logging.DirectJDKLog.log(DirectJDKLog.java:180) - APR/OpenSSL configuration: useAprConnector [false], useOpenSSL [true]
[2019-09-04 17:48:30.628] [INFO] - org.apache.juli.logging.DirectJDKLog.log(DirectJDKLog.java:180) - OpenSSL successfully initialized [OpenSSL 1.0.2l  25 May 2017]
[2019-09-04 17:48:31.010] [INFO] - org.apache.juli.logging.DirectJDKLog.log(DirectJDKLog.java:180) - At least one JAR was scanned for TLDs yet contained no TLDs. Enable debug logging for this logger for a complete list of JARs that were scanned but no TLDs were found in them. Skipping unneeded JARs during scanning can improve startup time and JSP compilation time.
[2019-09-04 17:48:31.018] [INFO] - org.apache.juli.logging.DirectJDKLog.log(DirectJDKLog.java:180) - Initializing Spring embedded WebApplicationContext
[2019-09-04 17:48:31.018] [INFO] - org.springframework.boot.web.servlet.context.ServletWebServerApplicationContext.prepareWebApplicationContext(ServletWebServerApplicationContext.java:285) - Root WebApplicationContext: initialization completed in 4225 ms
[2019-09-04 17:48:31.159] [INFO] - org.springframework.boot.web.servlet.AbstractFilterRegistrationBean.configure(AbstractFilterRegistrationBean.java:245) - Mapping filter: 'characterEncodingFilter' to: [/*]
[2019-09-04 17:48:31.160] [INFO] - org.springframework.boot.web.servlet.AbstractFilterRegistrationBean.configure(AbstractFilterRegistrationBean.java:245) - Mapping filter: 'hiddenHttpMethodFilter' to: [/*]
[2019-09-04 17:48:31.160] [INFO] - org.springframework.boot.web.servlet.AbstractFilterRegistrationBean.configure(AbstractFilterRegistrationBean.java:245) - Mapping filter: 'httpPutFormContentFilter' to: [/*]
[2019-09-04 17:48:31.160] [INFO] - org.springframework.boot.web.servlet.AbstractFilterRegistrationBean.configure(AbstractFilterRegistrationBean.java:245) - Mapping filter: 'requestContextFilter' to: [/*]
[2019-09-04 17:48:31.160] [INFO] - org.springframework.boot.web.servlet.AbstractFilterRegistrationBean.configure(AbstractFilterRegistrationBean.java:258) - Mapping filter: 'delegatingFilterProxy' to urls: [/*]
[2019-09-04 17:48:31.160] [INFO] - org.springframework.boot.web.servlet.AbstractFilterRegistrationBean.configure(AbstractFilterRegistrationBean.java:245) - Mapping filter: 'shiroFilter' to: [/*]
[2019-09-04 17:48:31.161] [INFO] - org.springframework.boot.web.servlet.ServletRegistrationBean.addRegistration(ServletRegistrationBean.java:187) - Servlet dispatcherServlet mapped to [/]
[2019-09-04 17:48:31.163] [INFO] - org.springframework.boot.web.servlet.ServletRegistrationBean.addRegistration(ServletRegistrationBean.java:187) - Servlet webServlet mapped to [/h2-console/*]
[2019-09-04 17:48:32.280] [INFO] - com.blc.apps.idcs.admin.error.PropertiesClass.init(PropertiesClass.java:33) - 加载response_message.properties配置文件
[2019-09-04 17:48:32.282] [INFO] - com.blc.apps.idcs.admin.error.PropertiesClass.init(PropertiesClass.java:37) - response_message.properties---------key:BIND_EXCEPTION_MSG,value:请求参数绑定失败
[2019-09-04 17:48:32.283] [INFO] - com.blc.apps.idcs.admin.error.PropertiesClass.init(PropertiesClass.java:37) - response_message.properties---------key:UE_MSG,value:页面路径有误
[2019-09-04 17:48:32.283] [INFO] - com.blc.apps.idcs.admin.error.PropertiesClass.init(PropertiesClass.java:37) - response_message.properties---------key:UE_CODE,value:404
[2019-09-04 17:48:32.283] [INFO] - com.blc.apps.idcs.admin.error.PropertiesClass.init(PropertiesClass.java:37) - response_message.properties---------key:RTE_MSG,value:运行时异常
[2019-09-04 17:48:32.284] [INFO] - com.blc.apps.idcs.admin.error.PropertiesClass.init(PropertiesClass.java:37) - response_message.properties---------key:REQUEST_METHOD_UNSUPPORTED_CODE,value:4000
[2019-09-04 17:48:32.284] [INFO] - com.blc.apps.idcs.admin.error.PropertiesClass.init(PropertiesClass.java:37) - response_message.properties---------key:NPE_CODE,value:5001
[2019-09-04 17:48:32.284] [INFO] - com.blc.apps.idcs.admin.error.PropertiesClass.init(PropertiesClass.java:37) - response_message.properties---------key:REQUEST_METHOD_UNSUPPORTED_MSG,value:请求方式异常
[2019-09-04 17:48:32.284] [INFO] - com.blc.apps.idcs.admin.error.PropertiesClass.init(PropertiesClass.java:37) - response_message.properties---------key:FAIL_CODE,value:5000
[2019-09-04 17:48:32.290] [INFO] - com.blc.apps.idcs.admin.error.PropertiesClass.init(PropertiesClass.java:37) - response_message.properties---------key:FAIL_MSG,value:操作失败
[2019-09-04 17:48:32.290] [INFO] - com.blc.apps.idcs.admin.error.PropertiesClass.init(PropertiesClass.java:37) - response_message.properties---------key:NRE_MSG,value:返回值为空
[2019-09-04 17:48:32.290] [INFO] - com.blc.apps.idcs.admin.error.PropertiesClass.init(PropertiesClass.java:37) - response_message.properties---------key:NRE_CODE,value:5002
[2019-09-04 17:48:32.291] [INFO] - com.blc.apps.idcs.admin.error.PropertiesClass.init(PropertiesClass.java:37) - response_message.properties---------key:BIND_EXCEPTION_CODE,value:4001
[2019-09-04 17:48:32.291] [INFO] - com.blc.apps.idcs.admin.error.PropertiesClass.init(PropertiesClass.java:37) - response_message.properties---------key:SUCCESS_CODE,value:2000
[2019-09-04 17:48:32.291] [INFO] - com.blc.apps.idcs.admin.error.PropertiesClass.init(PropertiesClass.java:37) - response_message.properties---------key:SUCCESS_MSG,value:操作成功
[2019-09-04 17:48:32.309] [INFO] - com.blc.apps.idcs.admin.error.PropertiesClass.init(PropertiesClass.java:37) - response_message.properties---------key:RTE_CODE,value:5001
[2019-09-04 17:48:32.310] [INFO] - com.blc.apps.idcs.admin.error.PropertiesClass.init(PropertiesClass.java:37) - response_message.properties---------key:NPE_MSG,value:空指针异常
[2019-09-04 17:48:32.311] [INFO] - com.blc.apps.idcs.admin.error.PropertiesClass.init(PropertiesClass.java:39) - response_message.properties参数加载完毕
[2019-09-04 17:48:32.667] [INFO] - org.springframework.web.servlet.handler.AbstractUrlHandlerMapping.registerHandler(AbstractUrlHandlerMapping.java:373) - Mapped URL path [/**/favicon.ico] onto handler of type [class org.springframework.web.servlet.resource.ResourceHttpRequestHandler]
[2019-09-04 17:48:33.454] [INFO] - org.springframework.web.servlet.mvc.method.annotation.RequestMappingHandlerAdapter.initControllerAdviceCache(RequestMappingHandlerAdapter.java:588) - Looking for @ControllerAdvice: org.springframework.boot.web.servlet.context.AnnotationConfigServletWebServerApplicationContext@399f6af1: startup date [Wed Sep 04 17:48:26 CST 2019]; root of context hierarchy
[2019-09-04 17:48:33.562] [INFO] - org.springframework.web.servlet.handler.AbstractHandlerMethodMapping$MappingRegistry.register(AbstractHandlerMethodMapping.java:549) - Mapped "{[/idcs/base/reqType],methods=[GET]}" onto public com.blc.apps.idcs.admin.model.BaseInfoModel com.blc.apps.idcs.admin.controller.BaseInfoController.getReqType(com.blc.apps.idcs.admin.model.BaseInfoModel)
[2019-09-04 17:48:33.563] [INFO] - org.springframework.web.servlet.handler.AbstractHandlerMethodMapping$MappingRegistry.register(AbstractHandlerMethodMapping.java:549) - Mapped "{[/idcs/base/ckType],methods=[GET]}" onto public com.blc.apps.idcs.admin.model.BaseInfoModel com.blc.apps.idcs.admin.controller.BaseInfoController.getCheckType(com.blc.apps.idcs.admin.model.BaseInfoModel)
[2019-09-04 17:48:33.564] [INFO] - org.springframework.web.servlet.handler.AbstractHandlerMethodMapping$MappingRegistry.register(AbstractHandlerMethodMapping.java:549) - Mapped "{[/idcs/base/org],methods=[GET]}" onto public com.blc.apps.idcs.admin.model.BaseInfoModel com.blc.apps.idcs.admin.controller.BaseInfoController.getOrgType(com.blc.apps.idcs.admin.model.BaseInfoModel)
[2019-09-04 17:48:33.564] [INFO] - org.springframework.web.servlet.handler.AbstractHandlerMethodMapping$MappingRegistry.register(AbstractHandlerMethodMapping.java:549) - Mapped "{[/idcs/base/accs],methods=[GET]}" onto public com.blc.apps.idcs.admin.model.BaseInfoModel com.blc.apps.idcs.admin.controller.BaseInfoController.getAccounts(com.blc.apps.idcs.admin.model.BaseInfoModel)
[2019-09-04 17:48:33.565] [INFO] - org.springframework.web.servlet.handler.AbstractHandlerMethodMapping$MappingRegistry.register(AbstractHandlerMethodMapping.java:549) - Mapped "{[/idcs/base/refers],methods=[GET]}" onto public com.blc.apps.idcs.admin.model.BaseInfoModel com.blc.apps.idcs.admin.controller.BaseInfoController.getRefers(com.blc.apps.idcs.admin.model.BaseInfoModel)
[2019-09-04 17:48:33.568] [INFO] - org.springframework.web.servlet.handler.AbstractHandlerMethodMapping$MappingRegistry.register(AbstractHandlerMethodMapping.java:549) - Mapped "{[/login],methods=[GET]}" onto public java.lang.String com.blc.apps.idcs.admin.controller.LoginController.loginTemplate()
[2019-09-04 17:48:33.569] [INFO] - org.springframework.web.servlet.handler.AbstractHandlerMethodMapping$MappingRegistry.register(AbstractHandlerMethodMapping.java:549) - Mapped "{[/unAuthorized.html]}" onto public org.springframework.web.servlet.ModelAndView com.blc.apps.idcs.admin.controller.LoginController.unAuthorized()
[2019-09-04 17:48:33.569] [INFO] - org.springframework.web.servlet.handler.AbstractHandlerMethodMapping$MappingRegistry.register(AbstractHandlerMethodMapping.java:549) - Mapped "{[/login],methods=[POST]}" onto public org.springframework.web.servlet.ModelAndView com.blc.apps.idcs.admin.controller.LoginController.loginTemplate2(java.lang.String,java.lang.String,java.lang.Boolean)
[2019-09-04 17:48:33.569] [INFO] - org.springframework.web.servlet.handler.AbstractHandlerMethodMapping$MappingRegistry.register(AbstractHandlerMethodMapping.java:549) - Mapped "{[/index.html]}" onto public org.springframework.web.servlet.ModelAndView com.blc.apps.idcs.admin.controller.LoginController.onLoginSuccess()
[2019-09-04 17:48:33.575] [INFO] - org.springframework.web.servlet.handler.AbstractHandlerMethodMapping$MappingRegistry.register(AbstractHandlerMethodMapping.java:549) - Mapped "{[/idcs/refer/list],methods=[POST]}" onto public java.lang.Object com.blc.apps.idcs.admin.controller.ReferController.listUser(com.blc.apps.idcs.admin.model.ReferModel)
[2019-09-04 17:48:33.576] [INFO] - org.springframework.web.servlet.handler.AbstractHandlerMethodMapping$MappingRegistry.register(AbstractHandlerMethodMapping.java:549) - Mapped "{[/idcs/refer/refer],methods=[POST]}" onto public java.lang.String com.blc.apps.idcs.admin.controller.ReferController.orgManager()
[2019-09-04 17:48:33.577] [INFO] - org.springframework.web.servlet.handler.AbstractHandlerMethodMapping$MappingRegistry.register(AbstractHandlerMethodMapping.java:549) - Mapped "{[/idcs/refer/add],methods=[POST]}" onto public java.lang.Object com.blc.apps.idcs.admin.controller.ReferController.addRefers(com.blc.apps.idcs.admin.entity.IcRefers)
[2019-09-04 17:48:33.577] [INFO] - org.springframework.web.servlet.handler.AbstractHandlerMethodMapping$MappingRegistry.register(AbstractHandlerMethodMapping.java:549) - Mapped "{[/idcs/refer/exists],methods=[POST]}" onto public java.lang.Object com.blc.apps.idcs.admin.controller.ReferController.existsRefer(com.blc.apps.idcs.admin.entity.IcRefers)
[2019-09-04 17:48:33.585] [INFO] - org.springframework.web.servlet.handler.AbstractHandlerMethodMapping$MappingRegistry.register(AbstractHandlerMethodMapping.java:549) - Mapped "{[/idcs/refer/save],methods=[POST]}" onto public java.lang.Object com.blc.apps.idcs.admin.controller.ReferController.saveRefer(com.blc.apps.idcs.admin.entity.IcRefers)
[2019-09-04 17:48:33.593] [INFO] - org.springframework.web.servlet.handler.AbstractHandlerMethodMapping$MappingRegistry.register(AbstractHandlerMethodMapping.java:549) - Mapped "{[/sta/user],methods=[POST]}" onto public java.lang.String com.blc.apps.idcs.admin.controller.StatController.user()
[2019-09-04 17:48:33.594] [INFO] - org.springframework.web.servlet.handler.AbstractHandlerMethodMapping$MappingRegistry.register(AbstractHandlerMethodMapping.java:549) - Mapped "{[/sta/thirdparty],methods=[POST]}" onto public java.lang.String com.blc.apps.idcs.admin.controller.StatController.apis()
[2019-09-04 17:48:33.594] [INFO] - org.springframework.web.servlet.handler.AbstractHandlerMethodMapping$MappingRegistry.register(AbstractHandlerMethodMapping.java:549) - Mapped "{[/sta/user/dsdist],methods=[POST]}" onto public java.lang.Object com.blc.apps.idcs.admin.controller.StatController.listUserDsDist(com.blc.apps.idcs.admin.model.StatModel)
[2019-09-04 17:48:33.594] [INFO] - org.springframework.web.servlet.handler.AbstractHandlerMethodMapping$MappingRegistry.register(AbstractHandlerMethodMapping.java:549) - Mapped "{[/sta/api/dsdist],methods=[POST]}" onto public java.lang.Object com.blc.apps.idcs.admin.controller.StatController.listApiDsDist(com.blc.apps.idcs.admin.model.StatModel)
[2019-09-04 17:48:33.594] [INFO] - org.springframework.web.servlet.handler.AbstractHandlerMethodMapping$MappingRegistry.register(AbstractHandlerMethodMapping.java:549) - Mapped "{[/sta/user/list],methods=[POST]}" onto public java.lang.Object com.blc.apps.idcs.admin.controller.StatController.listUserStaticPage(com.blc.apps.idcs.admin.model.StatModel)
[2019-09-04 17:48:33.595] [INFO] - org.springframework.web.servlet.handler.AbstractHandlerMethodMapping$MappingRegistry.register(AbstractHandlerMethodMapping.java:549) - Mapped "{[/sta/api/showchart],methods=[POST]}" onto public java.lang.Object com.blc.apps.idcs.admin.controller.StatController.listApiStaticChart(com.blc.apps.idcs.admin.model.StatModel)
[2019-09-04 17:48:33.595] [INFO] - org.springframework.web.servlet.handler.AbstractHandlerMethodMapping$MappingRegistry.register(AbstractHandlerMethodMapping.java:549) - Mapped "{[/sta/api/list],methods=[POST]}" onto public java.lang.Object com.blc.apps.idcs.admin.controller.StatController.listApiStaticPage(com.blc.apps.idcs.admin.model.StatModel)
[2019-09-04 17:48:33.595] [INFO] - org.springframework.web.servlet.handler.AbstractHandlerMethodMapping$MappingRegistry.register(AbstractHandlerMethodMapping.java:549) - Mapped "{[/sta/user/showchart],methods=[POST]}" onto public java.lang.Object com.blc.apps.idcs.admin.controller.StatController.listUserStaticChart(com.blc.apps.idcs.admin.model.StatModel)
[2019-09-04 17:48:33.606] [INFO] - org.springframework.web.servlet.handler.AbstractHandlerMethodMapping$MappingRegistry.register(AbstractHandlerMethodMapping.java:549) - Mapped "{[/idcs/user/list],methods=[POST]}" onto public java.lang.Object com.blc.apps.idcs.admin.controller.UserController.listUser(com.blc.apps.idcs.admin.model.UserModel)
[2019-09-04 17:48:33.607] [INFO] - org.springframework.web.servlet.handler.AbstractHandlerMethodMapping$MappingRegistry.register(AbstractHandlerMethodMapping.java:549) - Mapped "{[/idcs/user/orgList],methods=[POST]}" onto public java.lang.Object com.blc.apps.idcs.admin.controller.UserController.listOrgnization(com.blc.apps.idcs.admin.model.OrgModel)
[2019-09-04 17:48:33.608] [INFO] - org.springframework.web.servlet.handler.AbstractHandlerMethodMapping$MappingRegistry.register(AbstractHandlerMethodMapping.java:549) - Mapped "{[/idcs/user/orgAdd],methods=[POST]}" onto public java.lang.Object com.blc.apps.idcs.admin.controller.UserController.addOrg(com.blc.apps.idcs.admin.entity.IcCompany)
[2019-09-04 17:48:33.608] [INFO] - org.springframework.web.servlet.handler.AbstractHandlerMethodMapping$MappingRegistry.register(AbstractHandlerMethodMapping.java:549) - Mapped "{[/idcs/user/addUR],methods=[POST]}" onto public java.lang.Object com.blc.apps.idcs.admin.controller.UserController.addAccRefers(com.blc.apps.idcs.admin.entity.IcUserRefers)
[2019-09-04 17:48:33.609] [INFO] - org.springframework.web.servlet.handler.AbstractHandlerMethodMapping$MappingRegistry.register(AbstractHandlerMethodMapping.java:549) - Mapped "{[/idcs/user/orgExists],methods=[POST]}" onto public java.lang.Object com.blc.apps.idcs.admin.controller.UserController.existsOrg(com.blc.apps.idcs.admin.entity.IcCompany)
[2019-09-04 17:48:33.610] [INFO] - org.springframework.web.servlet.handler.AbstractHandlerMethodMapping$MappingRegistry.register(AbstractHandlerMethodMapping.java:549) - Mapped "{[/idcs/user/save],methods=[POST]}" onto public java.lang.Object com.blc.apps.idcs.admin.controller.UserController.saveUser(com.blc.apps.idcs.admin.entity.IcUserWithBLOBs)
[2019-09-04 17:48:33.610] [INFO] - org.springframework.web.servlet.handler.AbstractHandlerMethodMapping$MappingRegistry.register(AbstractHandlerMethodMapping.java:549) - Mapped "{[/idcs/user/exists],methods=[POST]}" onto public java.lang.Object com.blc.apps.idcs.admin.controller.UserController.existsUser(com.blc.apps.idcs.admin.entity.IcUser)
[2019-09-04 17:48:33.610] [INFO] - org.springframework.web.servlet.handler.AbstractHandlerMethodMapping$MappingRegistry.register(AbstractHandlerMethodMapping.java:549) - Mapped "{[/idcs/user/saveUR],methods=[POST]}" onto public java.lang.Object com.blc.apps.idcs.admin.controller.UserController.saveAccRefers(com.blc.apps.idcs.admin.entity.IcUserRefers)
[2019-09-04 17:48:33.611] [INFO] - org.springframework.web.servlet.handler.AbstractHandlerMethodMapping$MappingRegistry.register(AbstractHandlerMethodMapping.java:549) - Mapped "{[/idcs/user/org],methods=[POST]}" onto public java.lang.String com.blc.apps.idcs.admin.controller.UserController.orgPage()
[2019-09-04 17:48:33.611] [INFO] - org.springframework.web.servlet.handler.AbstractHandlerMethodMapping$MappingRegistry.register(AbstractHandlerMethodMapping.java:549) - Mapped "{[/idcs/user/rsa/reset],methods=[POST]}" onto public java.lang.Object com.blc.apps.idcs.admin.controller.UserController.resetRsa(java.lang.String)
[2019-09-04 17:48:33.612] [INFO] - org.springframework.web.servlet.handler.AbstractHandlerMethodMapping$MappingRegistry.register(AbstractHandlerMethodMapping.java:549) - Mapped "{[/idcs/user/refers],methods=[POST]}" onto public java.lang.String com.blc.apps.idcs.admin.controller.UserController.userRefersPage()
[2019-09-04 17:48:33.612] [INFO] - org.springframework.web.servlet.handler.AbstractHandlerMethodMapping$MappingRegistry.register(AbstractHandlerMethodMapping.java:549) - Mapped "{[/idcs/user/accRefers],methods=[POST]}" onto public java.lang.Object com.blc.apps.idcs.admin.controller.UserController.listAccRefers(com.blc.apps.idcs.admin.model.UserRefersModel)
[2019-09-04 17:48:33.613] [INFO] - org.springframework.web.servlet.handler.AbstractHandlerMethodMapping$MappingRegistry.register(AbstractHandlerMethodMapping.java:549) - Mapped "{[/idcs/user/account],methods=[POST]}" onto public java.lang.String com.blc.apps.idcs.admin.controller.UserController.userPage()
[2019-09-04 17:48:33.613] [INFO] - org.springframework.web.servlet.handler.AbstractHandlerMethodMapping$MappingRegistry.register(AbstractHandlerMethodMapping.java:549) - Mapped "{[/idcs/user/orgSave],methods=[POST]}" onto public java.lang.Object com.blc.apps.idcs.admin.controller.UserController.saveOrg(com.blc.apps.idcs.admin.entity.IcCompany)
[2019-09-04 17:48:33.613] [INFO] - org.springframework.web.servlet.handler.AbstractHandlerMethodMapping$MappingRegistry.register(AbstractHandlerMethodMapping.java:549) - Mapped "{[/idcs/user/reloadUserApi],methods=[POST]}" onto public java.lang.Object com.blc.apps.idcs.admin.controller.UserController.reloadUserApi(java.lang.String,java.lang.String)
[2019-09-04 17:48:33.614] [INFO] - org.springframework.web.servlet.handler.AbstractHandlerMethodMapping$MappingRegistry.register(AbstractHandlerMethodMapping.java:549) - Mapped "{[/idcs/user/reloadApis],methods=[POST]}" onto public java.lang.Object com.blc.apps.idcs.admin.controller.UserController.reloadApi()
[2019-09-04 17:48:33.615] [INFO] - org.springframework.web.servlet.handler.AbstractHandlerMethodMapping$MappingRegistry.register(AbstractHandlerMethodMapping.java:549) - Mapped "{[/idcs/user/delUR],methods=[POST]}" onto public java.lang.Object com.blc.apps.idcs.admin.controller.UserController.delAccRefers(com.blc.apps.idcs.admin.entity.IcUserRefers)
[2019-09-04 17:48:33.615] [INFO] - org.springframework.web.servlet.handler.AbstractHandlerMethodMapping$MappingRegistry.register(AbstractHandlerMethodMapping.java:549) - Mapped "{[/idcs/user/add],methods=[POST]}" onto public java.lang.Object com.blc.apps.idcs.admin.controller.UserController.addUser(com.blc.apps.idcs.admin.entity.IcUserWithBLOBs)
[2019-09-04 17:48:33.617] [INFO] - org.springframework.web.servlet.handler.AbstractHandlerMethodMapping$MappingRegistry.register(AbstractHandlerMethodMapping.java:549) - Mapped "{[/error],produces=[text/html]}" onto public org.springframework.web.servlet.ModelAndView com.blc.apps.idcs.admin.error.AuthExceptionService.errorHtml(javax.servlet.http.HttpServletRequest,javax.servlet.http.HttpServletResponse)
[2019-09-04 17:48:33.618] [INFO] - org.springframework.web.servlet.handler.AbstractHandlerMethodMapping$MappingRegistry.register(AbstractHandlerMethodMapping.java:549) - Mapped "{[/error]}" onto public org.springframework.http.ResponseEntity<java.util.Map<java.lang.String, java.lang.Object>> org.springframework.boot.autoconfigure.web.servlet.error.BasicErrorController.error(javax.servlet.http.HttpServletRequest)
[2019-09-04 17:48:33.676] [INFO] - org.springframework.web.servlet.handler.AbstractUrlHandlerMapping.registerHandler(AbstractUrlHandlerMapping.java:373) - Mapped URL path [/webjars/**] onto handler of type [class org.springframework.web.servlet.resource.ResourceHttpRequestHandler]
[2019-09-04 17:48:33.676] [INFO] - org.springframework.web.servlet.handler.AbstractUrlHandlerMapping.registerHandler(AbstractUrlHandlerMapping.java:373) - Mapped URL path [/**] onto handler of type [class org.springframework.web.servlet.resource.ResourceHttpRequestHandler]
[2019-09-04 17:48:33.900] [INFO] - org.springframework.boot.autoconfigure.web.servlet.WelcomePageHandlerMapping.<init>(WelcomePageHandlerMapping.java:61) - Adding welcome page template: index
[2019-09-04 17:48:34.240] [INFO] - com.zaxxer.hikari.HikariDataSource.getConnection(HikariDataSource.java:110) - HikariPool-1 - Starting...
[2019-09-04 17:48:34.687] [INFO] - com.zaxxer.hikari.pool.PoolBase.getAndSetNetworkTimeout(PoolBase.java:516) - HikariPool-1 - Driver does not support get/set network timeout for connections. (oracle.jdbc.driver.T4CConnection.getNetworkTimeout()I)
[2019-09-04 17:48:34.692] [INFO] - com.zaxxer.hikari.HikariDataSource.getConnection(HikariDataSource.java:123) - HikariPool-1 - Start completed.
[2019-09-04 17:48:34.781] [INFO] - org.quartz.impl.StdSchedulerFactory.instantiate(StdSchedulerFactory.java:1208) - Using default implementation for ThreadExecutor
[2019-09-04 17:48:34.825] [INFO] - org.quartz.core.SchedulerSignalerImpl.<init>(SchedulerSignalerImpl.java:61) - Initialized Scheduler Signaller of type: class org.quartz.core.SchedulerSignalerImpl
[2019-09-04 17:48:34.827] [INFO] - org.quartz.core.QuartzScheduler.<init>(QuartzScheduler.java:229) - Quartz Scheduler v.2.3.0 created.
[2019-09-04 17:48:34.828] [INFO] - org.quartz.simpl.RAMJobStore.initialize(RAMJobStore.java:155) - RAMJobStore initialized.
[2019-09-04 17:48:34.829] [INFO] - org.quartz.core.QuartzScheduler.initialize(QuartzScheduler.java:294) - Scheduler meta-data: Quartz Scheduler (v2.3.0) 'quartzScheduler' with instanceId 'NON_CLUSTERED'
  Scheduler class: 'org.quartz.core.QuartzScheduler' - running locally.
  NOT STARTED.
  Currently in standby mode.
  Number of jobs executed: 0
  Using thread pool 'org.quartz.simpl.SimpleThreadPool' - with 10 threads.
  Using job-store 'org.quartz.simpl.RAMJobStore' - which does not support persistence. and is not clustered.

[2019-09-04 17:48:34.844] [INFO] - org.quartz.impl.StdSchedulerFactory.instantiate(StdSchedulerFactory.java:1362) - Quartz scheduler 'quartzScheduler' initialized from an externally provided properties instance.
[2019-09-04 17:48:34.844] [INFO] - org.quartz.impl.StdSchedulerFactory.instantiate(StdSchedulerFactory.java:1366) - Quartz scheduler version: 2.3.0
[2019-09-04 17:48:34.844] [INFO] - org.quartz.core.QuartzScheduler.setJobFactory(QuartzScheduler.java:2287) - JobFactory set to: org.springframework.boot.autoconfigure.quartz.AutowireCapableBeanJobFactory@6c2bb3d7
[2019-09-04 17:48:35.529] [INFO] - org.springframework.boot.devtools.autoconfigure.OptionalLiveReloadServer.startServer(OptionalLiveReloadServer.java:57) - LiveReload server is running on port 35729
[2019-09-04 17:48:35.575] [INFO] - org.springframework.jmx.export.MBeanExporter.afterSingletonsInstantiated(MBeanExporter.java:433) - Registering beans for JMX exposure on startup
[2019-09-04 17:48:35.579] [INFO] - org.springframework.jmx.export.MBeanExporter.autodetect(MBeanExporter.java:895) - Bean with name 'dataSource' has been autodetected for JMX exposure
[2019-09-04 17:48:35.592] [INFO] - org.springframework.jmx.export.MBeanExporter.registerBeanInstance(MBeanExporter.java:668) - Located MBean 'dataSource': registering with JMX server as MBean [com.zaxxer.hikari:name=dataSource,type=HikariDataSource]
[2019-09-04 17:48:35.601] [INFO] - org.springframework.context.support.DefaultLifecycleProcessor$LifecycleGroup.start(DefaultLifecycleProcessor.java:356) - Starting beans in phase 2147483647
[2019-09-04 17:48:35.602] [INFO] - org.springframework.scheduling.quartz.SchedulerFactoryBean.startScheduler(SchedulerFactoryBean.java:706) - Starting Quartz Scheduler now
[2019-09-04 17:48:35.602] [INFO] - org.quartz.core.QuartzScheduler.start(QuartzScheduler.java:547) - Scheduler quartzScheduler_$_NON_CLUSTERED started.
[2019-09-04 17:48:35.612] [INFO] - org.apache.juli.logging.DirectJDKLog.log(DirectJDKLog.java:180) - Starting ProtocolHandler ["http-nio-9001"]
[2019-09-04 17:48:35.720] [INFO] - org.apache.juli.logging.DirectJDKLog.log(DirectJDKLog.java:180) - Using a shared selector for servlet write/read
[2019-09-04 17:48:35.803] [INFO] - org.springframework.boot.web.embedded.tomcat.TomcatWebServer.start(TomcatWebServer.java:206) - Tomcat started on port(s): 9001 (http) with context path ''
[2019-09-04 17:48:35.806] [INFO] - org.springframework.boot.StartupInfoLogger.logStarted(StartupInfoLogger.java:59) - Started IdcsAdmin in 9.612 seconds (JVM running for 10.671)
[2019-09-04 17:49:01.452] [INFO] - org.apache.juli.logging.DirectJDKLog.log(DirectJDKLog.java:180) - Initializing Spring FrameworkServlet 'dispatcherServlet'
[2019-09-04 17:49:01.452] [INFO] - org.springframework.web.servlet.FrameworkServlet.initServletBean(FrameworkServlet.java:494) - FrameworkServlet 'dispatcherServlet': initialization started
[2019-09-04 17:49:01.479] [INFO] - org.springframework.web.servlet.FrameworkServlet.initServletBean(FrameworkServlet.java:509) - FrameworkServlet 'dispatcherServlet': initialization completed in 27 ms
[2019-09-04 17:49:01.589] [WARN] - org.apache.shiro.mgt.AbstractRememberMeManager.onRememberedPrincipalFailure(AbstractRememberMeManager.java:449) - There was a failure while trying to retrieve remembered principals.  This could be due to a configuration problem or corrupted principals.  This could also be due to a recently changed encryption key, if you are using a shiro.ini file, this property would be 'securityManager.rememberMeManager.cipherKey' see: http://shiro.apache.org/web.html#Web-RememberMeServices. The remembered identity will be forgotten and not used for this request.
[2019-09-04 17:49:01.606] [WARN] - org.apache.shiro.mgt.DefaultSecurityManager.getRememberedIdentity(DefaultSecurityManager.java:618) - Delegate RememberMeManager instance of type [org.apache.shiro.web.mgt.CookieRememberMeManager] threw an exception during getRememberedPrincipals().
org.apache.shiro.crypto.CryptoException: Unable to execute 'doFinal' with cipher instance [javax.crypto.Cipher@eecb0c5].
	at org.apache.shiro.crypto.JcaCipherService.crypt(JcaCipherService.java:462) ~[shiro-core-1.4.1.jar:1.4.1]
	at org.apache.shiro.crypto.JcaCipherService.crypt(JcaCipherService.java:445) ~[shiro-core-1.4.1.jar:1.4.1]
	at org.apache.shiro.crypto.JcaCipherService.decrypt(JcaCipherService.java:390) ~[shiro-core-1.4.1.jar:1.4.1]
	at org.apache.shiro.crypto.JcaCipherService.decrypt(JcaCipherService.java:382) ~[shiro-core-1.4.1.jar:1.4.1]
	at org.apache.shiro.mgt.AbstractRememberMeManager.decrypt(AbstractRememberMeManager.java:482) ~[shiro-core-1.4.1.jar:1.4.1]
	at org.apache.shiro.mgt.AbstractRememberMeManager.convertBytesToPrincipals(AbstractRememberMeManager.java:419) ~[shiro-core-1.4.1.jar:1.4.1]
	at org.apache.shiro.mgt.AbstractRememberMeManager.getRememberedPrincipals(AbstractRememberMeManager.java:386) ~[shiro-core-1.4.1.jar:1.4.1]
	at org.apache.shiro.mgt.DefaultSecurityManager.getRememberedIdentity(DefaultSecurityManager.java:613) [shiro-core-1.4.1.jar:1.4.1]
	at org.apache.shiro.mgt.DefaultSecurityManager.resolvePrincipals(DefaultSecurityManager.java:501) [shiro-core-1.4.1.jar:1.4.1]
	at org.apache.shiro.mgt.DefaultSecurityManager.createSubject(DefaultSecurityManager.java:347) [shiro-core-1.4.1.jar:1.4.1]
	at org.apache.shiro.subject.Subject$Builder.buildSubject(Subject.java:845) [shiro-core-1.4.1.jar:1.4.1]
	at org.apache.shiro.web.subject.WebSubject$Builder.buildWebSubject(WebSubject.java:148) [shiro-web-1.4.1.jar:1.4.1]
	at org.apache.shiro.web.servlet.AbstractShiroFilter.createSubject(AbstractShiroFilter.java:292) [shiro-web-1.4.1.jar:1.4.1]
	at org.apache.shiro.web.servlet.AbstractShiroFilter.doFilterInternal(AbstractShiroFilter.java:359) [shiro-web-1.4.1.jar:1.4.1]
	at org.apache.shiro.web.servlet.OncePerRequestFilter.doFilter(OncePerRequestFilter.java:125) [shiro-web-1.4.1.jar:1.4.1]
	at org.apache.catalina.core.ApplicationFilterChain.internalDoFilter(ApplicationFilterChain.java:193) [tomcat-embed-core-8.5.34.jar:8.5.34]
	at org.apache.catalina.core.ApplicationFilterChain.doFilter(ApplicationFilterChain.java:166) [tomcat-embed-core-8.5.34.jar:8.5.34]
	at org.springframework.web.filter.RequestContextFilter.doFilterInternal(RequestContextFilter.java:99) [spring-web-5.0.9.RELEASE.jar:5.0.9.RELEASE]
	at org.springframework.web.filter.OncePerRequestFilter.doFilter(OncePerRequestFilter.java:107) [spring-web-5.0.9.RELEASE.jar:5.0.9.RELEASE]
	at org.apache.catalina.core.ApplicationFilterChain.internalDoFilter(ApplicationFilterChain.java:193) [tomcat-embed-core-8.5.34.jar:8.5.34]
	at org.apache.catalina.core.ApplicationFilterChain.doFilter(ApplicationFilterChain.java:166) [tomcat-embed-core-8.5.34.jar:8.5.34]
	at org.springframework.web.filter.HttpPutFormContentFilter.doFilterInternal(HttpPutFormContentFilter.java:109) [spring-web-5.0.9.RELEASE.jar:5.0.9.RELEASE]
	at org.springframework.web.filter.OncePerRequestFilter.doFilter(OncePerRequestFilter.java:107) [spring-web-5.0.9.RELEASE.jar:5.0.9.RELEASE]
	at org.apache.catalina.core.ApplicationFilterChain.internalDoFilter(ApplicationFilterChain.java:193) [tomcat-embed-core-8.5.34.jar:8.5.34]
	at org.apache.catalina.core.ApplicationFilterChain.doFilter(ApplicationFilterChain.java:166) [tomcat-embed-core-8.5.34.jar:8.5.34]
	at org.springframework.web.filter.HiddenHttpMethodFilter.doFilterInternal(HiddenHttpMethodFilter.java:93) [spring-web-5.0.9.RELEASE.jar:5.0.9.RELEASE]
	at org.springframework.web.filter.OncePerRequestFilter.doFilter(OncePerRequestFilter.java:107) [spring-web-5.0.9.RELEASE.jar:5.0.9.RELEASE]
	at org.apache.catalina.core.ApplicationFilterChain.internalDoFilter(ApplicationFilterChain.java:193) [tomcat-embed-core-8.5.34.jar:8.5.34]
	at org.apache.catalina.core.ApplicationFilterChain.doFilter(ApplicationFilterChain.java:166) [tomcat-embed-core-8.5.34.jar:8.5.34]
	at org.springframework.web.filter.CharacterEncodingFilter.doFilterInternal(CharacterEncodingFilter.java:200) [spring-web-5.0.9.RELEASE.jar:5.0.9.RELEASE]
	at org.springframework.web.filter.OncePerRequestFilter.doFilter(OncePerRequestFilter.java:107) [spring-web-5.0.9.RELEASE.jar:5.0.9.RELEASE]
	at org.apache.catalina.core.ApplicationFilterChain.internalDoFilter(ApplicationFilterChain.java:193) [tomcat-embed-core-8.5.34.jar:8.5.34]
	at org.apache.catalina.core.ApplicationFilterChain.doFilter(ApplicationFilterChain.java:166) [tomcat-embed-core-8.5.34.jar:8.5.34]
	at org.apache.catalina.core.StandardWrapperValve.invoke(StandardWrapperValve.java:198) [tomcat-embed-core-8.5.34.jar:8.5.34]
	at org.apache.catalina.core.StandardContextValve.invoke(StandardContextValve.java:96) [tomcat-embed-core-8.5.34.jar:8.5.34]
	at org.apache.catalina.authenticator.AuthenticatorBase.invoke(AuthenticatorBase.java:493) [tomcat-embed-core-8.5.34.jar:8.5.34]
	at org.apache.catalina.core.StandardHostValve.invoke(StandardHostValve.java:140) [tomcat-embed-core-8.5.34.jar:8.5.34]
	at org.apache.catalina.valves.ErrorReportValve.invoke(ErrorReportValve.java:81) [tomcat-embed-core-8.5.34.jar:8.5.34]
	at org.apache.catalina.core.StandardEngineValve.invoke(StandardEngineValve.java:87) [tomcat-embed-core-8.5.34.jar:8.5.34]
	at org.apache.catalina.connector.CoyoteAdapter.service(CoyoteAdapter.java:342) [tomcat-embed-core-8.5.34.jar:8.5.34]
	at org.apache.coyote.http11.Http11Processor.service(Http11Processor.java:800) [tomcat-embed-core-8.5.34.jar:8.5.34]
	at org.apache.coyote.AbstractProcessorLight.process(AbstractProcessorLight.java:66) [tomcat-embed-core-8.5.34.jar:8.5.34]
	at org.apache.coyote.AbstractProtocol$ConnectionHandler.process(AbstractProtocol.java:806) [tomcat-embed-core-8.5.34.jar:8.5.34]
	at org.apache.tomcat.util.net.NioEndpoint$SocketProcessor.doRun(NioEndpoint.java:1498) [tomcat-embed-core-8.5.34.jar:8.5.34]
	at org.apache.tomcat.util.net.SocketProcessorBase.run(SocketProcessorBase.java:49) [tomcat-embed-core-8.5.34.jar:8.5.34]
	at java.util.concurrent.ThreadPoolExecutor.runWorker(ThreadPoolExecutor.java:1142) [?:1.8.0_112]
	at java.util.concurrent.ThreadPoolExecutor$Worker.run(ThreadPoolExecutor.java:617) [?:1.8.0_112]
	at org.apache.tomcat.util.threads.TaskThread$WrappingRunnable.run(TaskThread.java:61) [tomcat-embed-core-8.5.34.jar:8.5.34]
	at java.lang.Thread.run(Thread.java:745) [?:1.8.0_112]
Caused by: javax.crypto.BadPaddingException: Given final block not properly padded
	at com.sun.crypto.provider.CipherCore.doFinal(CipherCore.java:989) ~[sunjce_provider.jar:1.8.0_112]
	at com.sun.crypto.provider.CipherCore.doFinal(CipherCore.java:845) ~[sunjce_provider.jar:1.8.0_112]
	at com.sun.crypto.provider.AESCipher.engineDoFinal(AESCipher.java:446) ~[sunjce_provider.jar:1.8.0_112]
	at javax.crypto.Cipher.doFinal(Cipher.java:2165) ~[?:1.8.0_121]
	at org.apache.shiro.crypto.JcaCipherService.crypt(JcaCipherService.java:459) ~[shiro-core-1.4.1.jar:1.4.1]
	... 48 more
[2019-09-04 17:50:49.734] [INFO] - com.blc.apps.idcs.admin.service.ApiNotificationService.reloadUserApi(ApiNotificationService.java:181) - Request Api Opt[{"account":"Admin","entCode":"administrator","msgCnt":"J3O9zPsY4zGatk2Y4IFyD4A/LqAEdJhHibjEYwcY7uMkSFLDykcPmDQ+lnUY7xmpc+cxrEV/1OlC78r9o0KBBg==","reqAsynType":"2","signature":"","version":"2.0.0"}]
[2019-09-04 17:50:50.192] [INFO] - com.blc.apps.idcs.admin.service.ApiNotificationService.reloadUserApi(ApiNotificationService.java:184) - Get Response[{"result":"200","msg":"接口已重新加载"}]
[2019-09-04 18:07:32.844] [INFO] - com.blc.apps.idcs.admin.service.ApiNotificationService.reloadUserApi(ApiNotificationService.java:181) - Request Api Opt[{"account":"Admin","entCode":"administrator","msgCnt":"J3O9zPsY4zGatk2Y4IFyD4A/LqAEdJhHibjEYwcY7uPkQmsgERJdozf9iME4VHI9L3NaO17uBBLOcFv6U3h1Cw==","reqAsynType":"2","signature":"","version":"2.0.0"}]
[2019-09-04 18:07:32.988] [INFO] - com.blc.apps.idcs.admin.service.ApiNotificationService.reloadUserApi(ApiNotificationService.java:184) - Get Response[{"result":"400","msg":"接口重新加载失败"}]
